2015-10-12T18:47:14+0200: 0
2015-10-12T18:48:26+0200: 0
2015-10-12T19:16:39+0200: 1
2015-10-12T19:17:16+0200: 1
2015-10-12T19:18:32+0200: 1
2015-10-12T19:19:29+0200: 0
2015-10-12T19:19:32+0200: 0
2015-10-12T19:19:34+0200: 0
2015-10-12T19:19:35+0200: 0
2015-10-12T19:19:37+0200: 0
2015-10-12T19:19:38+0200: 1
2015-10-12T19:19:41+0200: 0
2015-10-12T19:19:43+0200: 0
2015-10-12T19:19:44+0200: 1
2015-10-12T19:19:46+0200: 0
2015-10-12T19:19:47+0200: 0
2015-10-12T19:19:49+0200: 1
2015-10-13T07:53:46+0200: 1
2015-10-13T07:53:48+0200: 0
2015-10-13T07:53:50+0200: 0
2015-10-13T07:53:52+0200: 1
2015-10-13T07:54:50+0200: 0
2015-10-13T07:54:51+0200: 0
2015-10-13T07:54:53+0200: 0
2015-10-13T07:54:54+0200: 0
2015-10-13T07:58:13+0200: 0
2015-10-13T07:59:09+0200: 1
2015-10-13T07:59:25+0200: 0
2015-10-13T08:00:36+0200: 0
2015-10-13T08:00:46+0200: 0
2015-10-13T08:00:51+0200: 1
2015-10-13T08:05:18+0200: 0
